
          -------------------------------------------------------
          Amber 20 PMEMD                              2020
          -------------------------------------------------------

| PMEMD implementation of SANDER, Release 18

|  Compiled date/time: Mon May  4 00:10:34 2020
| Run on 01/19/2023 at 15:51:09

|   Executable path: /data01/software/amber20/bin/pmemd.MPI
| Working directory: /data02/sridip/Free_energy_folding_MELD/Rfah/full_protein/with_inter_domain/E47S/TEMPLATES
|          Hostname: node060

  [-O]verwriting output

File Assignments:
|   MDIN: min.in                                                                
|  MDOUT: min1.out                                                              
| INPCRD: f1.crd                                                                
|   PARM: f1.top                                                                
| RESTRT: min1.rst                                                              
|   REFC: refc                                                                  
|  MDVEL: mdvel                                                                 
|   MDEN: mden                                                                  
|  MDCRD: mdcrd                                                                 
| MDINFO: mdinfo                                                                
|LOGFILE: logfile                                                               
|  MDFRC: mdfrc                                                                 


 Here is the input file:

Minimize                                                                       
 &cntrl                                                                        
  imin=1,                                                                      
  ntx=1,                                                                       
  irest=0,                                                                     
  maxcyc=20000,                                                                
  ncyc=10000,                                                                  
  ntpr=100,                                                                    
  ntwx=0,                                                                      
  cut=10000,                                                                   
  igb=8,                                                                       
 /                                                                             


Note: ig = -1. Setting random seed to   730895 based on wallclock time in
      microseconds and disabling the synchronization of random numbers 
      between tasks to improve performance.
| irandom = 1, using AMBER's internal random number generator (default).
 
| Conditional Compilation Defines Used:
| MPI
| PUBFFT
| BINTRAJ
| EMIL

| New format PARM file being parsed.
| Version =    1.000 Date = 01/19/23 Time = 15:50:59

| Note: 1-4 EEL scale factors are being read from the topology file.

| Note: 1-4 VDW scale factors are being read from the topology file.
| INFO:    Reading atomic numbers from topology file.
| Duplicated    0 dihedrals

| Duplicated    0 dihedrals

--------------------------------------------------------------------------------
   1.  RESOURCE   USE: 
--------------------------------------------------------------------------------

 NATOM  =    2588 NTYPES =      14 NBONH =    1305 MBONA  =    1314
 NTHETH =    2971 MTHETA =    1784 NPHIH =    5967 MPHIA  =    5664
 NHPARM =       0 NPARM  =       0 NNB   =   14368 NRES   =     161
 NBONA  =    1314 NTHETA =    1784 NPHIA =    5664 NUMBND =      65
 NUMANG =     152 NPTRA  =     192 NATYP =      33 NPHB   =       0
 IFBOX  =       0 NMXRS  =      24 IFCAP =       0 NEXTRA =       0
 NCOPY  =       0

 Implicit solvent radii are ArgH and AspGluO modified Bondi2 radii (mbondi3)                                
 Replacing prmtop screening parameters with GBn2 (igb=8) values
--------------------------------------------------------------------------------
   2.  CONTROL  DATA  FOR  THE  RUN
--------------------------------------------------------------------------------

default_name                                                                    

General flags:
     imin    =       1, nmropt  =       0

Nature and format of input:
     ntx     =       1, irest   =       0, ntrx    =       1

Nature and format of output:
     ntxo    =       2, ntpr    =     100, ntrx    =       1, ntwr    =       1
     iwrap   =       0, ntwx    =       0, ntwv    =       0, ntwe    =       0
     ioutfm  =       1, ntwprt  =       0, idecomp =       0, rbornstat=      0

Potential function:
     ntf     =       1, ntb     =       0, igb     =       8, nsnb    =      25
     ipol    =       0, gbsa    =       0, iesp    =       0
     dielc   =   1.00000, cut     =**********, intdiel =   1.00000
     saltcon =   0.00000, offset  =   0.19514, surften =   0.00500
     rdt     =   0.00000, rgbmax  =  25.00000  extdiel =  78.50000
     alpb  =        0
     gbalphaH  =   0.78844, gbbetaH   =   0.79870,  gbgammaH  =    0.43733
     gbalphaC  =   0.73376, gbbetaC   =   0.50638,  gbgammaC  =    0.20584
     gbalphaN  =   0.50336, gbbetaN   =   0.31683,  gbgammaN  =    0.19292
     gbalphaOS =   0.86781, gbbetaOS  =   0.87664,  gbgammaOS =    0.38788
     gbalphaP  =   1.00000, gbbetaP   =   0.80000,  gbgammaP  =    4.85000
     gb_alpha_hnu  =   0.53705, gb_beta_hnu   =   0.36286,  gb_gamma_hnu  =    0.11670
     gb_alpha_cnu  =   0.33167, gb_beta_cnu   =   0.19684,  gb_gamma_cnu  =    0.09342
     gb_alpha_nnu  =   0.68631, gb_beta_nnu   =   0.46319,  gb_gamma_nnu  =    0.13872
     gb_alpha_onu  =   0.60634, gb_beta_onu   =   0.46301,  gb_gamma_onu  =    0.14226
     gb_alpha_pnu  =   0.41836, gb_beta_pnu   =   0.29005,  gb_gamma_pnu  =    0.10642

Frozen or restrained atoms:
     ibelly  =       0, ntr     =       0

Energy minimization:
     maxcyc  =   20000, ncyc    =   10000, ntmin   =       1
     dx0     =   0.01000, drms    =   0.00010

| Intermolecular bonds treatment:
|     no_intermolecular_bonds =       1

| Energy averages sample interval:
|     ene_avg_sampling =       1

--------------------------------------------------------------------------------
   3.  ATOMIC COORDINATES AND VELOCITIES
--------------------------------------------------------------------------------

default_name                                                                    
 begin time read from input coords =     0.000 ps

 
 Number of triangulated 3-point waters found:        0
| Dynamic Memory, Types Used:
| Reals              100889
| Integers           335284

| Running AMBER/MPI version on   12 MPI task

 
--------------------------------------------------------------------------------
   4.  RESULTS
--------------------------------------------------------------------------------



   NSTEP       ENERGY          RMS            GMAX         NAME    NUMBER
      1      -2.4151E+03     1.6314E+01     1.4175E+02     OG        780

 BOND    =       14.1152  ANGLE   =     2124.0542  DIHED      =     2384.4770
 VDWAALS =     -851.0353  EEL     =    -9931.7216  EGB        =    -3290.2349
 1-4 VDW =      722.3486  1-4 EEL =     6412.8660  RESTRAINT  =        0.0000


   NSTEP       ENERGY          RMS            GMAX         NAME    NUMBER
    100      -4.8262E+03     1.9806E+00     2.4202E+01     CD2      1065

 BOND    =       98.2362  ANGLE   =      389.6996  DIHED      =     1973.3658
 VDWAALS =     -943.1008  EEL     =    -9948.1531  EGB        =    -3281.2594
 1-4 VDW =      523.9465  1-4 EEL =     6361.0814  RESTRAINT  =        0.0000


   NSTEP       ENERGY          RMS            GMAX         NAME    NUMBER
    200      -4.9111E+03     4.0688E-01     4.2244E+00     CD1      1251

 BOND    =       98.1507  ANGLE   =      378.9393  DIHED      =     1936.2213
 VDWAALS =     -951.5636  EEL     =    -9954.3560  EGB        =    -3280.3976
 1-4 VDW =      509.3042  1-4 EEL =     6352.5769  RESTRAINT  =        0.0000


   NSTEP       ENERGY          RMS            GMAX         NAME    NUMBER
    300      -4.9549E+03     4.3337E-01     7.2892E+00     CG       1799

 BOND    =      100.3020  ANGLE   =      374.6748  DIHED      =     1913.8987
 VDWAALS =     -955.0524  EEL     =    -9958.2548  EGB        =    -3279.7900
 1-4 VDW =      502.4088  1-4 EEL =     6346.9236  RESTRAINT  =        0.0000


   NSTEP       ENERGY          RMS            GMAX         NAME    NUMBER
    400      -4.9831E+03     3.6976E-01     5.2204E+00     NE2       329

 BOND    =      100.8687  ANGLE   =      372.4806  DIHED      =     1898.7628
 VDWAALS =     -956.9867  EEL     =    -9961.6787  EGB        =    -3278.8735
 1-4 VDW =      498.5707  1-4 EEL =     6343.7188  RESTRAINT  =        0.0000


   NSTEP       ENERGY          RMS            GMAX         NAME    NUMBER
    500      -5.0044E+03     3.2137E-01     4.8460E+00     NE2       329

 BOND    =      101.4159  ANGLE   =      370.8347  DIHED      =     1886.9283
 VDWAALS =     -958.3159  EEL     =    -9964.9794  EGB        =    -3277.9750
 1-4 VDW =      496.1586  1-4 EEL =     6341.5285  RESTRAINT  =        0.0000


   NSTEP       ENERGY          RMS            GMAX         NAME    NUMBER
    600      -5.0216E+03     2.4903E-01     4.2191E+00     CG       1799

 BOND    =      101.3883  ANGLE   =      369.8336  DIHED      =     1877.2067
 VDWAALS =     -959.3017  EEL     =    -9968.5937  EGB        =    -3276.7668
 1-4 VDW =      494.4268  1-4 EEL =     6340.2110  RESTRAINT  =        0.0000


   NSTEP       ENERGY          RMS            GMAX         NAME    NUMBER
    700      -5.0358E+03     2.7872E-01     3.8617E+00     CG       1799

 BOND    =      101.6762  ANGLE   =      368.9003  DIHED      =     1869.1391
 VDWAALS =     -960.0945  EEL     =    -9972.2173  EGB        =    -3275.5817
 1-4 VDW =      493.2041  1-4 EEL =     6339.2156  RESTRAINT  =        0.0000


   NSTEP       ENERGY          RMS            GMAX         NAME    NUMBER
    800      -5.0476E+03     2.1854E-01     2.8977E+00     CG       1799

 BOND    =      101.3536  ANGLE   =      368.4321  DIHED      =     1862.5839
 VDWAALS =     -960.7613  EEL     =    -9975.8337  EGB        =    -3274.3547
 1-4 VDW =      492.2339  1-4 EEL =     6338.7064  RESTRAINT  =        0.0000


   NSTEP       ENERGY          RMS            GMAX         NAME    NUMBER
    900      -5.0579E+03     1.6158E-01     1.3365E+00     HG23     1120

 BOND    =      101.4515  ANGLE   =      367.6964  DIHED      =     1857.1211
 VDWAALS =     -961.4012  EEL     =    -9979.1536  EGB        =    -3273.3723
 1-4 VDW =      491.4920  1-4 EEL =     6338.2842  RESTRAINT  =        0.0000


   NSTEP       ENERGY          RMS            GMAX         NAME    NUMBER
   1000      -5.0667E+03     5.4011E-01     2.5761E+01     CG       1799

 BOND    =      101.7321  ANGLE   =      367.0583  DIHED      =     1852.4570
 VDWAALS =     -962.0577  EEL     =    -9982.2801  EGB        =    -3272.5644
 1-4 VDW =      490.8676  1-4 EEL =     6338.0653  RESTRAINT  =        0.0000


   NSTEP       ENERGY          RMS            GMAX         NAME    NUMBER
   1100      -5.0750E+03     1.2297E-01     1.3628E+00     HG23     1120

 BOND    =      101.2631  ANGLE   =      366.5782  DIHED      =     1848.5579
 VDWAALS =     -962.6983  EEL     =    -9985.3375  EGB        =    -3271.5104
 1-4 VDW =      490.2847  1-4 EEL =     6337.8335  RESTRAINT  =        0.0000


   NSTEP       ENERGY          RMS            GMAX         NAME    NUMBER
   1200      -5.0822E+03     3.4219E-01     9.3939E+00     CG       1799

 BOND    =      101.4488  ANGLE   =      365.9601  DIHED      =     1845.1403
 VDWAALS =     -963.3604  EEL     =    -9988.0602  EGB        =    -3270.7791
 1-4 VDW =      489.8207  1-4 EEL =     6337.6765  RESTRAINT  =        0.0000


   NSTEP       ENERGY          RMS            GMAX         NAME    NUMBER
   1300      -5.0886E+03     2.9573E-01     4.0372E+00     CD2      1239

 BOND    =      100.9905  ANGLE   =      365.7874  DIHED      =     1842.2139
 VDWAALS =     -963.9661  EEL     =    -9990.7892  EGB        =    -3269.7687
 1-4 VDW =      489.3459  1-4 EEL =     6337.5691  RESTRAINT  =        0.0000


   NSTEP       ENERGY          RMS            GMAX         NAME    NUMBER
   1400      -5.0945E+03     2.4009E-01     2.8696E+00     CD2      1239

 BOND    =      101.2350  ANGLE   =      365.0996  DIHED      =     1839.5826
 VDWAALS =     -964.5610  EEL     =    -9993.1532  EGB        =    -3269.1131
 1-4 VDW =      489.0143  1-4 EEL =     6337.3971  RESTRAINT  =        0.0000


   NSTEP       ENERGY          RMS            GMAX         NAME    NUMBER
   1500      -5.0998E+03     1.6693E-01     4.0991E+00     CG       1799

 BOND    =      100.9409  ANGLE   =      364.8778  DIHED      =     1837.2468
 VDWAALS =     -965.0826  EEL     =    -9995.5615  EGB        =    -3268.2321
 1-4 VDW =      488.6627  1-4 EEL =     6337.3067  RESTRAINT  =        0.0000


   NSTEP       ENERGY          RMS            GMAX         NAME    NUMBER
   1600      -5.1048E+03     9.8591E-02     1.0343E+00     HG1      2065

 BOND    =      100.9847  ANGLE   =      364.4255  DIHED      =     1835.0818
 VDWAALS =     -965.5837  EEL     =    -9997.7832  EGB        =    -3267.5117
 1-4 VDW =      488.4021  1-4 EEL =     6337.1953  RESTRAINT  =        0.0000


   NSTEP       ENERGY          RMS            GMAX         NAME    NUMBER
   1700      -5.1095E+03     9.3602E-02     1.3708E+00     HG1      2065

 BOND    =      100.8830  ANGLE   =      364.1298  DIHED      =     1833.0193
 VDWAALS =     -966.0527  EEL     =   -10000.0262  EGB        =    -3266.6673
 1-4 VDW =      488.1580  1-4 EEL =     6337.0853  RESTRAINT  =        0.0000


   NSTEP       ENERGY          RMS            GMAX         NAME    NUMBER
   1800      -5.1139E+03     1.0174E-01     1.6385E+00     HG1      2065

 BOND    =      100.9059  ANGLE   =      363.7765  DIHED      =     1831.0372
 VDWAALS =     -966.4910  EEL     =   -10002.1032  EGB        =    -3265.8525
 1-4 VDW =      487.9587  1-4 EEL =     6336.9081  RESTRAINT  =        0.0000


   NSTEP       ENERGY          RMS            GMAX         NAME    NUMBER
   1900      -5.1178E+03     2.9115E-01     9.4148E+00     CG       1799

 BOND    =      101.0481  ANGLE   =      363.4626  DIHED      =     1829.1504
 VDWAALS =     -966.8833  EEL     =   -10004.0074  EGB        =    -3264.9927
 1-4 VDW =      487.7624  1-4 EEL =     6336.6155  RESTRAINT  =        0.0000


   NSTEP       ENERGY          RMS            GMAX         NAME    NUMBER
   2000      -5.1217E+03     2.3737E-01     5.4613E+00     CG       1799

 BOND    =      100.7333  ANGLE   =      363.4391  DIHED      =     1827.4004
 VDWAALS =     -967.2184  EEL     =   -10005.8599  EGB        =    -3264.0438
 1-4 VDW =      487.5164  1-4 EEL =     6336.3661  RESTRAINT  =        0.0000


   NSTEP       ENERGY          RMS            GMAX         NAME    NUMBER
   2100      -5.1252E+03     2.2239E-01     6.4628E+00     CG       1799

 BOND    =      100.9514  ANGLE   =      363.0674  DIHED      =     1825.7843
 VDWAALS =     -967.5339  EEL     =   -10007.6163  EGB        =    -3263.1742
 1-4 VDW =      487.3307  1-4 EEL =     6336.0387  RESTRAINT  =        0.0000


   NSTEP       ENERGY          RMS            GMAX         NAME    NUMBER
   2200      -5.1285E+03     1.7098E-01     2.4931E+00     NE1        41

 BOND    =      100.7389  ANGLE   =      363.0479  DIHED      =     1824.2870
 VDWAALS =     -967.8112  EEL     =   -10009.5483  EGB        =    -3262.1451
 1-4 VDW =      487.1041  1-4 EEL =     6335.8634  RESTRAINT  =        0.0000


   NSTEP       ENERGY          RMS            GMAX         NAME    NUMBER
   2300      -5.1316E+03     7.9437E-02     8.5465E-01     HD22      447

 BOND    =      100.8268  ANGLE   =      362.7985  DIHED      =     1822.8647
 VDWAALS =     -968.0820  EEL     =   -10011.5138  EGB        =    -3261.2089
 1-4 VDW =      486.9389  1-4 EEL =     6335.7329  RESTRAINT  =        0.0000


   NSTEP       ENERGY          RMS            GMAX         NAME    NUMBER
   2400      -5.1348E+03     1.0367E-01     1.3552E+00     NE1        41

 BOND    =      100.7760  ANGLE   =      362.7191  DIHED      =     1821.4833
 VDWAALS =     -968.3015  EEL     =   -10013.7585  EGB        =    -3260.1126
 1-4 VDW =      486.7546  1-4 EEL =     6335.6663  RESTRAINT  =        0.0000


   NSTEP       ENERGY          RMS            GMAX         NAME    NUMBER
   2500      -5.1376E+03     3.1808E-01     1.5344E+01     CG       1799

 BOND    =      100.8499  ANGLE   =      362.6263  DIHED      =     1820.2084
 VDWAALS =     -968.4194  EEL     =   -10016.0239  EGB        =    -3259.1525
 1-4 VDW =      486.6037  1-4 EEL =     6335.6974  RESTRAINT  =        0.0000


   NSTEP       ENERGY          RMS            GMAX         NAME    NUMBER
   2600      -5.1405E+03     7.2471E-02     7.5854E-01     HD21      446

 BOND    =      100.8274  ANGLE   =      362.4750  DIHED      =     1818.9933
 VDWAALS =     -968.4066  EEL     =   -10018.3538  EGB        =    -3258.1731
 1-4 VDW =      486.4617  1-4 EEL =     6335.7050  RESTRAINT  =        0.0000


   NSTEP       ENERGY          RMS            GMAX         NAME    NUMBER
   2700      -5.1430E+03     2.2824E-01     7.8366E+00     CG       1799

 BOND    =      100.8208  ANGLE   =      362.4177  DIHED      =     1817.8218
 VDWAALS =     -968.3335  EEL     =   -10020.5397  EGB        =    -3257.3514
 1-4 VDW =      486.3261  1-4 EEL =     6335.8393  RESTRAINT  =        0.0000


   NSTEP       ENERGY          RMS            GMAX         NAME    NUMBER
   2800      -5.1454E+03     1.7875E-01     4.0749E+00     CG       1799

 BOND    =      100.9695  ANGLE   =      362.1625  DIHED      =     1816.6909
 VDWAALS =     -968.3172  EEL     =   -10022.4742  EGB        =    -3256.6622
 1-4 VDW =      486.2376  1-4 EEL =     6335.9598  RESTRAINT  =        0.0000


   NSTEP       ENERGY          RMS            GMAX         NAME    NUMBER
   2900      -5.1477E+03     1.4041E-01     2.5155E+00     NE1        41

 BOND    =      100.8255  ANGLE   =      362.1482  DIHED      =     1815.6457
 VDWAALS =     -968.3533  EEL     =   -10024.2477  EGB        =    -3255.9746
 1-4 VDW =      486.1192  1-4 EEL =     6336.1549  RESTRAINT  =        0.0000


   NSTEP       ENERGY          RMS            GMAX         NAME    NUMBER
   3000      -5.1499E+03     6.5414E-02     6.5478E-01     CG       1799

 BOND    =      100.8864  ANGLE   =      361.9588  DIHED      =     1814.6325
 VDWAALS =     -968.4545  EEL     =   -10025.8457  EGB        =    -3255.4314
 1-4 VDW =      486.0490  1-4 EEL =     6336.3512  RESTRAINT  =        0.0000


   NSTEP       ENERGY          RMS            GMAX         NAME    NUMBER
   3100      -5.1519E+03     6.0485E-02     6.2839E-01     OD1      1138

 BOND    =      100.8671  ANGLE   =      361.8696  DIHED      =     1813.6628
 VDWAALS =     -968.5854  EEL     =   -10027.4147  EGB        =    -3254.8495
 1-4 VDW =      485.9633  1-4 EEL =     6336.5467  RESTRAINT  =        0.0000


   NSTEP       ENERGY          RMS            GMAX         NAME    NUMBER
   3200      -5.1539E+03     2.3175E-01     6.9457E+00     CG       1799

 BOND    =      100.8482  ANGLE   =      361.8446  DIHED      =     1812.7441
 VDWAALS =     -968.7360  EEL     =   -10028.9318  EGB        =    -3254.2882
 1-4 VDW =      485.8757  1-4 EEL =     6336.7514  RESTRAINT  =        0.0000


   NSTEP       ENERGY          RMS            GMAX         NAME    NUMBER
   3300      -5.1559E+03     1.8449E-01     5.0935E+00     CG       1799

 BOND    =      100.9831  ANGLE   =      361.6252  DIHED      =     1811.8680
 VDWAALS =     -968.9079  EEL     =   -10030.3500  EGB        =    -3253.8277
 1-4 VDW =      485.8343  1-4 EEL =     6336.9129  RESTRAINT  =        0.0000


   NSTEP       ENERGY          RMS            GMAX         NAME    NUMBER
   3400      -5.1578E+03     1.6236E-01     4.3194E+00     CG       1799

 BOND    =      100.8682  ANGLE   =      361.6646  DIHED      =     1811.0382
 VDWAALS =     -969.0586  EEL     =   -10031.8713  EGB        =    -3253.2069
 1-4 VDW =      485.7355  1-4 EEL =     6337.0364  RESTRAINT  =        0.0000


   NSTEP       ENERGY          RMS            GMAX         NAME    NUMBER
   3500      -5.1597E+03     1.3432E-01     2.8054E+00     CG         38

 BOND    =      100.9679  ANGLE   =      361.4919  DIHED      =     1810.2469
 VDWAALS =     -969.2150  EEL     =   -10033.2590  EGB        =    -3252.7894
 1-4 VDW =      485.7070  1-4 EEL =     6337.1701  RESTRAINT  =        0.0000


   NSTEP       ENERGY          RMS            GMAX         NAME    NUMBER
   3600      -5.1615E+03     8.6966E-02     1.4714E+00     CG         38

 BOND    =      100.8885  ANGLE   =      361.4790  DIHED      =     1809.5116
 VDWAALS =     -969.3392  EEL     =   -10034.6897  EGB        =    -3252.2966
 1-4 VDW =      485.6496  1-4 EEL =     6337.2701  RESTRAINT  =        0.0000


   NSTEP       ENERGY          RMS            GMAX         NAME    NUMBER
   3700      -5.1633E+03     5.6038E-02     7.2953E-01     HH         69

 BOND    =      100.9160  ANGLE   =      361.3770  DIHED      =     1808.8299
 VDWAALS =     -969.4402  EEL     =   -10036.0869  EGB        =    -3251.8720
 1-4 VDW =      485.6246  1-4 EEL =     6337.3267  RESTRAINT  =        0.0000


   NSTEP       ENERGY          RMS            GMAX         NAME    NUMBER
   3800      -5.1650E+03     2.4273E-01     1.0543E+01     CG       1799

 BOND    =      101.0098  ANGLE   =      361.2807  DIHED      =     1808.2087
 VDWAALS =     -969.5065  EEL     =   -10037.5383  EGB        =    -3251.4225
 1-4 VDW =      485.6063  1-4 EEL =     6337.3225  RESTRAINT  =        0.0000


   NSTEP       ENERGY          RMS            GMAX         NAME    NUMBER
   3900      -5.1669E+03     5.8395E-02     1.3029E+00     HG1      1108

 BOND    =      100.9120  ANGLE   =      361.2250  DIHED      =     1807.6768
 VDWAALS =     -969.5377  EEL     =   -10039.0256  EGB        =    -3251.0025
 1-4 VDW =      485.5821  1-4 EEL =     6337.3146  RESTRAINT  =        0.0000


   NSTEP       ENERGY          RMS            GMAX         NAME    NUMBER
   4000      -5.1687E+03     1.5339E-01     3.2367E+00     CG         38

 BOND    =      100.9545  ANGLE   =      361.1595  DIHED      =     1807.1597
 VDWAALS =     -969.5366  EEL     =   -10040.7908  EGB        =    -3250.4919
 1-4 VDW =      485.5580  1-4 EEL =     6337.2487  RESTRAINT  =        0.0000


   NSTEP       ENERGY          RMS            GMAX         NAME    NUMBER
   4100      -5.1714E+03     7.8501E-02     3.6076E+00     HG1      1108

 BOND    =      100.8858  ANGLE   =      361.2427  DIHED      =     1806.2308
 VDWAALS =     -969.4992  EEL     =   -10043.3542  EGB        =    -3249.7432
 1-4 VDW =      485.4704  1-4 EEL =     6337.4131  RESTRAINT  =        0.0000


   NSTEP       ENERGY          RMS            GMAX         NAME    NUMBER
   4200      -5.1744E+03     8.4381E-02     2.5817E+00     HG1      1108

 BOND    =      100.8917  ANGLE   =      361.0799  DIHED      =     1804.8971
 VDWAALS =     -969.6479  EEL     =   -10046.0104  EGB        =    -3249.2544
 1-4 VDW =      485.4518  1-4 EEL =     6338.2081  RESTRAINT  =        0.0000


   NSTEP       ENERGY          RMS            GMAX         NAME    NUMBER
   4300      -5.1767E+03     7.1404E-02     1.4764E+00     HG1      1108

 BOND    =      100.8245  ANGLE   =      360.8491  DIHED      =     1804.0292
 VDWAALS =     -969.8951  EEL     =   -10047.8385  EGB        =    -3249.0439
 1-4 VDW =      485.4654  1-4 EEL =     6338.9434  RESTRAINT  =        0.0000


   NSTEP       ENERGY          RMS            GMAX         NAME    NUMBER
   4400      -5.1784E+03     2.2178E-01     8.0621E+00     CG       1799

 BOND    =      100.8071  ANGLE   =      360.7097  DIHED      =     1803.4029
 VDWAALS =     -970.0689  EEL     =   -10049.3125  EGB        =    -3248.8350
 1-4 VDW =      485.4792  1-4 EEL =     6339.4038  RESTRAINT  =        0.0000


   NSTEP       ENERGY          RMS            GMAX         NAME    NUMBER
   4500      -5.1800E+03     5.3583E-02     5.7809E-01     HG1      1108

 BOND    =      100.7555  ANGLE   =      360.5358  DIHED      =     1802.8436
 VDWAALS =     -970.1922  EEL     =   -10050.5652  EGB        =    -3248.6994
 1-4 VDW =      485.5204  1-4 EEL =     6339.7553  RESTRAINT  =        0.0000


   NSTEP       ENERGY          RMS            GMAX         NAME    NUMBER
   4600      -5.1815E+03     1.5003E-01     4.4957E+00     CG       1799

 BOND    =      100.7365  ANGLE   =      360.4616  DIHED      =     1802.3072
 VDWAALS =     -970.2935  EEL     =   -10051.7520  EGB        =    -3248.4460
 1-4 VDW =      485.5332  1-4 EEL =     6339.9877  RESTRAINT  =        0.0000


   NSTEP       ENERGY          RMS            GMAX         NAME    NUMBER
   4700      -5.1828E+03     1.3575E-01     3.0709E+00     CG         38

 BOND    =      100.7478  ANGLE   =      360.3098  DIHED      =     1801.7751
 VDWAALS =     -970.4143  EEL     =   -10052.7866  EGB        =    -3248.2813
 1-4 VDW =      485.5847  1-4 EEL =     6340.2281  RESTRAINT  =        0.0000


   NSTEP       ENERGY          RMS            GMAX         NAME    NUMBER
   4800      -5.1841E+03     8.2699E-02     1.7396E+00     CG         38

 BOND    =      100.6852  ANGLE   =      360.2501  DIHED      =     1801.2590
 VDWAALS =     -970.5455  EEL     =   -10053.7914  EGB        =    -3248.0131
 1-4 VDW =      485.5980  1-4 EEL =     6340.4154  RESTRAINT  =        0.0000


   NSTEP       ENERGY          RMS            GMAX         NAME    NUMBER
   4900      -5.1854E+03     8.5742E-02     1.9277E+00     CG         38

 BOND    =      100.6846  ANGLE   =      360.1292  DIHED      =     1800.7564
 VDWAALS =     -970.7002  EEL     =   -10054.6917  EGB        =    -3247.7890
 1-4 VDW =      485.6415  1-4 EEL =     6340.6054  RESTRAINT  =        0.0000


   NSTEP       ENERGY          RMS            GMAX         NAME    NUMBER
   5000      -5.1865E+03     4.8260E-02     6.0603E-01     CG         38

 BOND    =      100.6431  ANGLE   =      360.0502  DIHED      =     1800.2710
 VDWAALS =     -970.8677  EEL     =   -10055.5484  EGB        =    -3247.5451
 1-4 VDW =      485.6682  1-4 EEL =     6340.7915  RESTRAINT  =        0.0000


   NSTEP       ENERGY          RMS            GMAX         NAME    NUMBER
   5100      -5.1876E+03     1.6532E-01     4.3482E+00     CG         38

 BOND    =      100.6305  ANGLE   =      359.9862  DIHED      =     1799.7962
 VDWAALS =     -971.0505  EEL     =   -10056.3733  EGB        =    -3247.2878
 1-4 VDW =      485.6924  1-4 EEL =     6340.9736  RESTRAINT  =        0.0000


   NSTEP       ENERGY          RMS            GMAX         NAME    NUMBER
   5200      -5.1888E+03     1.4329E-01     3.4161E+00     CG         38

 BOND    =      100.6306  ANGLE   =      359.8371  DIHED      =     1799.3215
 VDWAALS =     -971.2576  EEL     =   -10057.1514  EGB        =    -3247.0674
 1-4 VDW =      485.7539  1-4 EEL =     6341.1748  RESTRAINT  =        0.0000


   NSTEP       ENERGY          RMS            GMAX         NAME    NUMBER
   5300      -5.1898E+03     1.2032E-01     2.8906E+00     CG         38

 BOND    =      100.5700  ANGLE   =      359.7764  DIHED      =     1798.8644
 VDWAALS =     -971.4714  EEL     =   -10057.9299  EGB        =    -3246.8086
 1-4 VDW =      485.7760  1-4 EEL =     6341.3760  RESTRAINT  =        0.0000


   NSTEP       ENERGY          RMS            GMAX         NAME    NUMBER
   5400      -5.1909E+03     1.0506E-01     2.3469E+00     CG         38

 BOND    =      100.5623  ANGLE   =      359.6464  DIHED      =     1798.4228
 VDWAALS =     -971.6999  EEL     =   -10058.6547  EGB        =    -3246.5785
 1-4 VDW =      485.8318  1-4 EEL =     6341.5799  RESTRAINT  =        0.0000


   NSTEP       ENERGY          RMS            GMAX         NAME    NUMBER
   5500      -5.1919E+03     6.6441E-02     1.3241E+00     CG         38

 BOND    =      100.5133  ANGLE   =      359.5787  DIHED      =     1798.0053
 VDWAALS =     -971.9289  EEL     =   -10059.3814  EGB        =    -3246.2969
 1-4 VDW =      485.8581  1-4 EEL =     6341.7642  RESTRAINT  =        0.0000


   NSTEP       ENERGY          RMS            GMAX         NAME    NUMBER
   5600      -5.1929E+03     4.1666E-02     3.9051E-01     CD1        39

 BOND    =      100.4889  ANGLE   =      359.4795  DIHED      =     1797.5989
 VDWAALS =     -972.1704  EEL     =   -10060.0832  EGB        =    -3246.0291
 1-4 VDW =      485.9014  1-4 EEL =     6341.9570  RESTRAINT  =        0.0000


   NSTEP       ENERGY          RMS            GMAX         NAME    NUMBER
   5700      -5.1938E+03     1.6651E-01     3.9717E+00     CG         38

 BOND    =      100.4962  ANGLE   =      359.3730  DIHED      =     1797.1963
 VDWAALS =     -972.4280  EEL     =   -10060.7782  EGB        =    -3245.7736
 1-4 VDW =      485.9544  1-4 EEL =     6342.1714  RESTRAINT  =        0.0000


   NSTEP       ENERGY          RMS            GMAX         NAME    NUMBER
   5800      -5.1947E+03     1.3263E-01     3.4064E+00     CG         38

 BOND    =      100.4358  ANGLE   =      359.3290  DIHED      =     1796.8134
 VDWAALS =     -972.6829  EEL     =   -10061.5148  EGB        =    -3245.4214
 1-4 VDW =      485.9676  1-4 EEL =     6342.3423  RESTRAINT  =        0.0000


   NSTEP       ENERGY          RMS            GMAX         NAME    NUMBER
   5900      -5.1956E+03     1.1839E-01     3.3875E+00     CG       1799

 BOND    =      100.4172  ANGLE   =      359.2067  DIHED      =     1796.4478
 VDWAALS =     -972.9486  EEL     =   -10062.1797  EGB        =    -3245.1628
 1-4 VDW =      486.0269  1-4 EEL =     6342.5583  RESTRAINT  =        0.0000


   NSTEP       ENERGY          RMS            GMAX         NAME    NUMBER
   6000      -5.1965E+03     1.1007E-01     3.1155E+00     CG       1799

 BOND    =      100.3748  ANGLE   =      359.1486  DIHED      =     1796.0954
 VDWAALS =     -973.2145  EEL     =   -10062.8925  EGB        =    -3244.8245
 1-4 VDW =      486.0501  1-4 EEL =     6342.7448  RESTRAINT  =        0.0000


   NSTEP       ENERGY          RMS            GMAX         NAME    NUMBER
   6100      -5.1974E+03     6.9145E-02     1.5312E+00     CG       1799

 BOND    =      100.3440  ANGLE   =      359.0474  DIHED      =     1795.7496
 VDWAALS =     -973.4924  EEL     =   -10063.5998  EGB        =    -3244.4949
 1-4 VDW =      486.0987  1-4 EEL =     6342.9442  RESTRAINT  =        0.0000


   NSTEP       ENERGY          RMS            GMAX         NAME    NUMBER
   6200      -5.1983E+03     4.1593E-02     5.6054E-01     CG         38

 BOND    =      100.3062  ANGLE   =      358.9770  DIHED      =     1795.4169
 VDWAALS =     -973.7717  EEL     =   -10064.3305  EGB        =    -3244.1297
 1-4 VDW =      486.1301  1-4 EEL =     6343.1344  RESTRAINT  =        0.0000


   NSTEP       ENERGY          RMS            GMAX         NAME    NUMBER
   6300      -5.1991E+03     3.9794E-02     4.3989E-01     HE22     2002

 BOND    =      100.2771  ANGLE   =      358.8947  DIHED      =     1795.1035
 VDWAALS =     -974.0489  EEL     =   -10065.0428  EGB        =    -3243.7764
 1-4 VDW =      486.1701  1-4 EEL =     6343.3288  RESTRAINT  =        0.0000


   NSTEP       ENERGY          RMS            GMAX         NAME    NUMBER
   6400      -5.1999E+03     3.9691E-02     4.7279E-01     CG         38

 BOND    =      100.2445  ANGLE   =      358.8219  DIHED      =     1794.7952
 VDWAALS =     -974.3335  EEL     =   -10065.7890  EGB        =    -3243.3922
 1-4 VDW =      486.2046  1-4 EEL =     6343.5229  RESTRAINT  =        0.0000


   NSTEP       ENERGY          RMS            GMAX         NAME    NUMBER
   6500      -5.2007E+03     1.2154E-01     4.9161E+00     CG       1799

 BOND    =      100.2262  ANGLE   =      358.7613  DIHED      =     1794.5029
 VDWAALS =     -974.6129  EEL     =   -10066.5487  EGB        =    -3242.9763
 1-4 VDW =      486.2335  1-4 EEL =     6343.6981  RESTRAINT  =        0.0000


   NSTEP       ENERGY          RMS            GMAX         NAME    NUMBER
   6600      -5.2015E+03     9.6894E-02     2.2650E+00     CG       1799

 BOND    =      100.1930  ANGLE   =      358.6678  DIHED      =     1794.2258
 VDWAALS =     -974.8918  EEL     =   -10067.2691  EGB        =    -3242.6252
 1-4 VDW =      486.2849  1-4 EEL =     6343.9095  RESTRAINT  =        0.0000


   NSTEP       ENERGY          RMS            GMAX         NAME    NUMBER
   6700      -5.2023E+03     8.0794E-02     2.0282E+00     CG         38

 BOND    =      100.1595  ANGLE   =      358.6176  DIHED      =     1793.9565
 VDWAALS =     -975.1659  EEL     =   -10068.0534  EGB        =    -3242.1867
 1-4 VDW =      486.3060  1-4 EEL =     6344.0789  RESTRAINT  =        0.0000


   NSTEP       ENERGY          RMS            GMAX         NAME    NUMBER
   6800      -5.2031E+03     6.3673E-02     1.4712E+00     CG         38

 BOND    =      100.1273  ANGLE   =      358.5379  DIHED      =     1793.6967
 VDWAALS =     -975.4382  EEL     =   -10068.8214  EGB        =    -3241.7767
 1-4 VDW =      486.3503  1-4 EEL =     6344.2661  RESTRAINT  =        0.0000


   NSTEP       ENERGY          RMS            GMAX         NAME    NUMBER
   6900      -5.2038E+03     4.6939E-02     8.9921E-01     CG         38

 BOND    =      100.0972  ANGLE   =      358.4821  DIHED      =     1793.4428
 VDWAALS =     -975.7054  EEL     =   -10069.6227  EGB        =    -3241.3300
 1-4 VDW =      486.3768  1-4 EEL =     6344.4362  RESTRAINT  =        0.0000


   NSTEP       ENERGY          RMS            GMAX         NAME    NUMBER
   7000      -5.2045E+03     1.4427E-01     6.2219E+00     CG       1799

 BOND    =      100.0883  ANGLE   =      358.4229  DIHED      =     1793.1974
 VDWAALS =     -975.9661  EEL     =   -10070.4065  EGB        =    -3240.9097
 1-4 VDW =      486.4090  1-4 EEL =     6344.6164  RESTRAINT  =        0.0000


   NSTEP       ENERGY          RMS            GMAX         NAME    NUMBER
   7100      -5.2053E+03     1.1736E-01     4.7471E+00     CG       1799

 BOND    =      100.0555  ANGLE   =      358.3588  DIHED      =     1792.9612
 VDWAALS =     -976.2133  EEL     =   -10071.1981  EGB        =    -3240.4309
 1-4 VDW =      486.4440  1-4 EEL =     6344.7496  RESTRAINT  =        0.0000


   NSTEP       ENERGY          RMS            GMAX         NAME    NUMBER
   7200      -5.2060E+03     1.0192E-01     2.7114E+00     CG       1799

 BOND    =      100.0308  ANGLE   =      358.3138  DIHED      =     1792.7323
 VDWAALS =     -976.4535  EEL     =   -10071.9597  EGB        =    -3239.9902
 1-4 VDW =      486.4621  1-4 EEL =     6344.8919  RESTRAINT  =        0.0000


   NSTEP       ENERGY          RMS            GMAX         NAME    NUMBER
   7300      -5.2067E+03     6.3241E-02     1.5110E+00     CG         38

 BOND    =      100.0000  ANGLE   =      358.2403  DIHED      =     1792.5070
 VDWAALS =     -976.6928  EEL     =   -10072.6807  EGB        =    -3239.5774
 1-4 VDW =      486.5015  1-4 EEL =     6345.0419  RESTRAINT  =        0.0000


   NSTEP       ENERGY          RMS            GMAX         NAME    NUMBER
   7400      -5.2073E+03     6.3164E-02     1.5294E+00     CG         38

 BOND    =       99.9822  ANGLE   =      358.1949  DIHED      =     1792.2886
 VDWAALS =     -976.9247  EEL     =   -10073.3876  EGB        =    -3239.1414
 1-4 VDW =      486.5176  1-4 EEL =     6345.1592  RESTRAINT  =        0.0000


   NSTEP       ENERGY          RMS            GMAX         NAME    NUMBER
   7500      -5.2080E+03     4.7718E-02     1.0030E+00     CG         38

 BOND    =       99.9590  ANGLE   =      358.1285  DIHED      =     1792.0675
 VDWAALS =     -977.1658  EEL     =   -10074.0679  EGB        =    -3238.7217
 1-4 VDW =      486.5490  1-4 EEL =     6345.2861  RESTRAINT  =        0.0000


   NSTEP       ENERGY          RMS            GMAX         NAME    NUMBER
   7600      -5.2086E+03     1.2501E-01     3.0525E+00     CG         38

 BOND    =       99.9531  ANGLE   =      358.0662  DIHED      =     1791.8528
 VDWAALS =     -977.4065  EEL     =   -10074.7037  EGB        =    -3238.3262
 1-4 VDW =      486.5786  1-4 EEL =     6345.4106  RESTRAINT  =        0.0000


   NSTEP       ENERGY          RMS            GMAX         NAME    NUMBER
   7700      -5.2092E+03     3.3862E-02     3.9188E-01     CG         38

 BOND    =       99.9236  ANGLE   =      358.0180  DIHED      =     1791.6447
 VDWAALS =     -977.6454  EEL     =   -10075.3247  EGB        =    -3237.9085
 1-4 VDW =      486.5903  1-4 EEL =     6345.5066  RESTRAINT  =        0.0000


   NSTEP       ENERGY          RMS            GMAX         NAME    NUMBER
   7800      -5.2098E+03     9.5356E-02     2.3711E+00     CG         38

 BOND    =       99.9132  ANGLE   =      357.9578  DIHED      =     1791.4401
 VDWAALS =     -977.8894  EEL     =   -10075.8983  EGB        =    -3237.5334
 1-4 VDW =      486.6164  1-4 EEL =     6345.6193  RESTRAINT  =        0.0000


   NSTEP       ENERGY          RMS            GMAX         NAME    NUMBER
   7900      -5.2104E+03     7.4841E-02     1.9013E+00     CG         38

 BOND    =       99.8988  ANGLE   =      357.9169  DIHED      =     1791.2385
 VDWAALS =     -978.1347  EEL     =   -10076.4730  EGB        =    -3237.1331
 1-4 VDW =      486.6226  1-4 EEL =     6345.7084  RESTRAINT  =        0.0000


   NSTEP       ENERGY          RMS            GMAX         NAME    NUMBER
   8000      -5.2109E+03     4.8058E-02     1.0575E+00     CG         38

 BOND    =       99.8758  ANGLE   =      357.8536  DIHED      =     1791.0422
 VDWAALS =     -978.3820  EEL     =   -10076.9998  EGB        =    -3236.7767
 1-4 VDW =      486.6496  1-4 EEL =     6345.8163  RESTRAINT  =        0.0000


   NSTEP       ENERGY          RMS            GMAX         NAME    NUMBER
   8100      -5.2115E+03     3.3629E-02     4.4836E-01     CG         38

 BOND    =       99.8614  ANGLE   =      357.8045  DIHED      =     1790.8480
 VDWAALS =     -978.6317  EEL     =   -10077.5245  EGB        =    -3236.4103
 1-4 VDW =      486.6636  1-4 EEL =     6345.9126  RESTRAINT  =        0.0000


   NSTEP       ENERGY          RMS            GMAX         NAME    NUMBER
   8200      -5.2120E+03     3.3335E-02     4.3780E-01     CG         38

 BOND    =       99.8441  ANGLE   =      357.7486  DIHED      =     1790.6517
 VDWAALS =     -978.8908  EEL     =   -10078.0425  EGB        =    -3236.0472
 1-4 VDW =      486.6844  1-4 EEL =     6346.0158  RESTRAINT  =        0.0000


   NSTEP       ENERGY          RMS            GMAX         NAME    NUMBER
   8300      -5.2126E+03     3.1705E-02     3.4907E-01     CG         38

 BOND    =       99.8299  ANGLE   =      357.6990  DIHED      =     1790.4615
 VDWAALS =     -979.1476  EEL     =   -10078.5442  EGB        =    -3235.6900
 1-4 VDW =      486.7001  1-4 EEL =     6346.1126  RESTRAINT  =        0.0000


   NSTEP       ENERGY          RMS            GMAX         NAME    NUMBER
   8400      -5.2131E+03     8.6413E-02     2.2310E+00     CG       1799

 BOND    =       99.8243  ANGLE   =      357.6548  DIHED      =     1790.2719
 VDWAALS =     -979.4086  EEL     =   -10079.0466  EGB        =    -3235.3228
 1-4 VDW =      486.7123  1-4 EEL =     6346.2028  RESTRAINT  =        0.0000


   NSTEP       ENERGY          RMS            GMAX         NAME    NUMBER
   8500      -5.2136E+03     4.8507E-02     1.1068E+00     CG       1799

 BOND    =       99.7982  ANGLE   =      357.5962  DIHED      =     1790.0891
 VDWAALS =     -979.6680  EEL     =   -10079.5150  EGB        =    -3234.9882
 1-4 VDW =      486.7377  1-4 EEL =     6346.3066  RESTRAINT  =        0.0000


   NSTEP       ENERGY          RMS            GMAX         NAME    NUMBER
   8600      -5.2142E+03     4.3124E-02     9.2218E-01     CG       1799

 BOND    =       99.7864  ANGLE   =      357.5500  DIHED      =     1789.9098
 VDWAALS =     -979.9273  EEL     =   -10079.9804  EGB        =    -3234.6531
 1-4 VDW =      486.7514  1-4 EEL =     6346.4031  RESTRAINT  =        0.0000


   NSTEP       ENERGY          RMS            GMAX         NAME    NUMBER
   8700      -5.2147E+03     3.1801E-02     3.9214E-01     CG         38

 BOND    =       99.7682  ANGLE   =      357.5006  DIHED      =     1789.7338
 VDWAALS =     -980.1874  EEL     =   -10080.4385  EGB        =    -3234.3138
 1-4 VDW =      486.7705  1-4 EEL =     6346.4962  RESTRAINT  =        0.0000


   NSTEP       ENERGY          RMS            GMAX         NAME    NUMBER
   8800      -5.2152E+03     1.1146E-01     3.0398E+00     CG         38

 BOND    =       99.7586  ANGLE   =      357.4514  DIHED      =     1789.5595
 VDWAALS =     -980.4513  EEL     =   -10080.8881  EGB        =    -3233.9823
 1-4 VDW =      486.7941  1-4 EEL =     6346.5951  RESTRAINT  =        0.0000


   NSTEP       ENERGY          RMS            GMAX         NAME    NUMBER
   8900      -5.2157E+03     3.0766E-02     3.5250E-01     CG         38

 BOND    =       99.7390  ANGLE   =      357.4090  DIHED      =     1789.3902
 VDWAALS =     -980.7120  EEL     =   -10081.3389  EGB        =    -3233.6425
 1-4 VDW =      486.8029  1-4 EEL =     6346.6790  RESTRAINT  =        0.0000


   NSTEP       ENERGY          RMS            GMAX         NAME    NUMBER
   9000      -5.2162E+03     8.9843E-02     2.1368E+00     CG         38

 BOND    =       99.7269  ANGLE   =      357.3649  DIHED      =     1789.2231
 VDWAALS =     -980.9754  EEL     =   -10081.7816  EGB        =    -3233.3031
 1-4 VDW =      486.8220  1-4 EEL =     6346.7660  RESTRAINT  =        0.0000


   NSTEP       ENERGY          RMS            GMAX         NAME    NUMBER
   9100      -5.2166E+03     7.0084E-02     1.7399E+00     CG         38

 BOND    =       99.7209  ANGLE   =      357.3255  DIHED      =     1789.0614
 VDWAALS =     -981.2361  EEL     =   -10082.2101  EGB        =    -3232.9862
 1-4 VDW =      486.8297  1-4 EEL =     6346.8544  RESTRAINT  =        0.0000


   NSTEP       ENERGY          RMS            GMAX         NAME    NUMBER
   9200      -5.2171E+03     4.4187E-02     9.7471E-01     CG         38

 BOND    =       99.6957  ANGLE   =      357.2789  DIHED      =     1788.9028
 VDWAALS =     -981.4975  EEL     =   -10082.6320  EGB        =    -3232.6605
 1-4 VDW =      486.8510  1-4 EEL =     6346.9413  RESTRAINT  =        0.0000


   NSTEP       ENERGY          RMS            GMAX         NAME    NUMBER
   9300      -5.2176E+03     3.1046E-02     4.1597E-01     CG         38

 BOND    =       99.6855  ANGLE   =      357.2395  DIHED      =     1788.7475
 VDWAALS =     -981.7582  EEL     =   -10083.0505  EGB        =    -3232.3400
 1-4 VDW =      486.8628  1-4 EEL =     6347.0234  RESTRAINT  =        0.0000


   NSTEP       ENERGY          RMS            GMAX         NAME    NUMBER
   9400      -5.2181E+03     1.0793E-01     2.8835E+00     CG         38

 BOND    =       99.6914  ANGLE   =      357.2062  DIHED      =     1788.5912
 VDWAALS =     -982.0252  EEL     =   -10083.4799  EGB        =    -3232.0042
 1-4 VDW =      486.8710  1-4 EEL =     6347.0992  RESTRAINT  =        0.0000


   NSTEP       ENERGY          RMS            GMAX         NAME    NUMBER
   9500      -5.2185E+03     8.7071E-02     2.2541E+00     CG         38

 BOND    =       99.6559  ANGLE   =      357.1545  DIHED      =     1788.4399
 VDWAALS =     -982.2913  EEL     =   -10083.8774  EGB        =    -3231.7019
 1-4 VDW =      486.9001  1-4 EEL =     6347.1974  RESTRAINT  =        0.0000


   NSTEP       ENERGY          RMS            GMAX         NAME    NUMBER
   9600      -5.2190E+03     8.7850E-02     2.3907E+00     CG       1799

 BOND    =       99.6579  ANGLE   =      357.1239  DIHED      =     1788.2905
 VDWAALS =     -982.5552  EEL     =   -10084.3010  EGB        =    -3231.3623
 1-4 VDW =      486.9024  1-4 EEL =     6347.2609  RESTRAINT  =        0.0000


   NSTEP       ENERGY          RMS            GMAX         NAME    NUMBER
   9700      -5.2194E+03     6.7861E-02     1.6794E+00     CG         38

 BOND    =       99.6280  ANGLE   =      357.0774  DIHED      =     1788.1468
 VDWAALS =     -982.8158  EEL     =   -10084.6895  EGB        =    -3231.0624
 1-4 VDW =      486.9275  1-4 EEL =     6347.3506  RESTRAINT  =        0.0000


   NSTEP       ENERGY          RMS            GMAX         NAME    NUMBER
   9800      -5.2199E+03     4.2411E-02     8.7946E-01     CG         38

 BOND    =       99.6212  ANGLE   =      357.0411  DIHED      =     1788.0051
 VDWAALS =     -983.0777  EEL     =   -10085.0839  EGB        =    -3230.7604
 1-4 VDW =      486.9372  1-4 EEL =     6347.4294  RESTRAINT  =        0.0000


   NSTEP       ENERGY          RMS            GMAX         NAME    NUMBER
   9900      -5.2203E+03     2.9106E-02     3.0130E-01     CG         38

 BOND    =       99.6027  ANGLE   =      357.0041  DIHED      =     1787.8649
 VDWAALS =     -983.3436  EEL     =   -10085.4779  EGB        =    -3230.4515
 1-4 VDW =      486.9539  1-4 EEL =     6347.5081  RESTRAINT  =        0.0000


   NSTEP       ENERGY          RMS            GMAX         NAME    NUMBER
  10000      -5.2208E+03     2.9505E-02     3.7048E-01     CG         38

 BOND    =       99.5924  ANGLE   =      356.9709  DIHED      =     1787.7281
 VDWAALS =     -983.6108  EEL     =   -10085.8685  EGB        =    -3230.1500
 1-4 VDW =      486.9661  1-4 EEL =     6347.5855  RESTRAINT  =        0.0000


   NSTEP       ENERGY          RMS            GMAX         NAME    NUMBER
  10100      -5.2344E+03     8.2640E-02     1.4196E+00     HH21     1188

 BOND    =       98.9695  ANGLE   =      355.7256  DIHED      =     1783.7330
 VDWAALS =     -991.5046  EEL     =   -10100.0541  EGB        =    -3219.6225
 1-4 VDW =      488.3120  1-4 EEL =     6350.0530  RESTRAINT  =        0.0000


   NSTEP       ENERGY          RMS            GMAX         NAME    NUMBER
  10200      -5.2360E+03     6.3004E-02     1.2101E+00     HH21     1188

 BOND    =       98.9977  ANGLE   =      355.5445  DIHED      =     1783.1260
 VDWAALS =     -992.5365  EEL     =   -10100.9936  EGB        =    -3218.3989
 1-4 VDW =      488.2270  1-4 EEL =     6350.0471  RESTRAINT  =        0.0000


   NSTEP       ENERGY          RMS            GMAX         NAME    NUMBER
  10300      -5.2396E+03     9.0947E-02     2.5125E+00     CG       1799

 BOND    =       98.9453  ANGLE   =      355.3709  DIHED      =     1781.8915
 VDWAALS =     -994.8133  EEL     =   -10105.5247  EGB        =    -3214.5211
 1-4 VDW =      487.9459  1-4 EEL =     6351.0731  RESTRAINT  =        0.0000


   NSTEP       ENERGY          RMS            GMAX         NAME    NUMBER
  10400      -5.2421E+03     1.4131E-01     3.1110E+00     CG       1799

 BOND    =       98.9663  ANGLE   =      355.2792  DIHED      =     1780.9603
 VDWAALS =     -995.9208  EEL     =   -10108.9565  EGB        =    -3211.2944
 1-4 VDW =      487.9229  1-4 EEL =     6350.9728  RESTRAINT  =        0.0000


   NSTEP       ENERGY          RMS            GMAX         NAME    NUMBER
  10500      -5.2445E+03     5.2164E-02     1.0906E+00     CZ       1183

 BOND    =       98.9079  ANGLE   =      355.2277  DIHED      =     1780.0532
 VDWAALS =     -996.7522  EEL     =   -10113.0779  EGB        =    -3207.8639
 1-4 VDW =      487.8545  1-4 EEL =     6351.1740  RESTRAINT  =        0.0000


   NSTEP       ENERGY          RMS            GMAX         NAME    NUMBER
  10600      -5.2491E+03     1.3820E-01     2.8325E+00     CD        313

 BOND    =       98.9521  ANGLE   =      355.1949  DIHED      =     1778.6119
 VDWAALS =     -998.5069  EEL     =   -10123.3775  EGB        =    -3198.9555
 1-4 VDW =      487.9176  1-4 EEL =     6351.0649  RESTRAINT  =        0.0000


   NSTEP       ENERGY          RMS            GMAX         NAME    NUMBER
  10700      -5.2532E+03     6.3767E-02     1.3013E+00     CG        310

 BOND    =       99.2218  ANGLE   =      355.6320  DIHED      =     1777.9115
 VDWAALS =     -997.4930  EEL     =   -10136.9274  EGB        =    -3189.8894
 1-4 VDW =      488.0613  1-4 EEL =     6350.2523  RESTRAINT  =        0.0000


   NSTEP       ENERGY          RMS            GMAX         NAME    NUMBER
  10800      -5.2549E+03     6.7920E-02     1.2419E+00     CB        307

 BOND    =       99.0470  ANGLE   =      355.4862  DIHED      =     1777.2919
 VDWAALS =     -998.1328  EEL     =   -10136.8485  EGB        =    -3189.7734
 1-4 VDW =      488.1633  1-4 EEL =     6349.9129  RESTRAINT  =        0.0000


   NSTEP       ENERGY          RMS            GMAX         NAME    NUMBER
  10900      -5.2558E+03     5.1096E-02     6.8626E-01     CZ        126

 BOND    =       99.1547  ANGLE   =      355.4488  DIHED      =     1776.9156
 VDWAALS =     -998.4363  EEL     =   -10137.4083  EGB        =    -3189.2582
 1-4 VDW =      488.0751  1-4 EEL =     6349.7042  RESTRAINT  =        0.0000


   NSTEP       ENERGY          RMS            GMAX         NAME    NUMBER
  11000      -5.2589E+03     5.0302E-02     7.3971E-01     CG        310

 BOND    =       99.3417  ANGLE   =      355.5885  DIHED      =     1775.6690
 VDWAALS =     -999.5237  EEL     =   -10140.1410  EGB        =    -3187.0632
 1-4 VDW =      487.6685  1-4 EEL =     6349.5793  RESTRAINT  =        0.0000


   NSTEP       ENERGY          RMS            GMAX         NAME    NUMBER
  11100      -5.2621E+03     4.7620E-02     7.8716E-01     C         316

 BOND    =       99.3754  ANGLE   =      355.4171  DIHED      =     1774.2910
 VDWAALS =    -1001.0346  EEL     =   -10143.2682  EGB        =    -3184.0657
 1-4 VDW =      487.8454  1-4 EEL =     6349.3780  RESTRAINT  =        0.0000


   NSTEP       ENERGY          RMS            GMAX         NAME    NUMBER
  11200      -5.2637E+03     5.6516E-02     8.9924E-01     CZ        126

 BOND    =       99.5097  ANGLE   =      355.5061  DIHED      =     1773.6370
 VDWAALS =    -1001.9627  EEL     =   -10144.9895  EGB        =    -3182.6577
 1-4 VDW =      487.7497  1-4 EEL =     6349.5090  RESTRAINT  =        0.0000


   NSTEP       ENERGY          RMS            GMAX         NAME    NUMBER
  11300      -5.2647E+03     3.3035E-02     4.8241E-01     HH22      390

 BOND    =       99.3915  ANGLE   =      355.3220  DIHED      =     1773.2367
 VDWAALS =    -1002.5056  EEL     =   -10146.1431  EGB        =    -3181.6979
 1-4 VDW =      488.0173  1-4 EEL =     6349.6664  RESTRAINT  =        0.0000


   NSTEP       ENERGY          RMS            GMAX         NAME    NUMBER
  11400      -5.2656E+03     3.2379E-02     4.6334E-01     CG        310

 BOND    =       99.4095  ANGLE   =      355.2446  DIHED      =     1772.8738
 VDWAALS =    -1003.0061  EEL     =   -10146.9194  EGB        =    -3181.0534
 1-4 VDW =      488.0631  1-4 EEL =     6349.8148  RESTRAINT  =        0.0000


   NSTEP       ENERGY          RMS            GMAX         NAME    NUMBER
  11500      -5.2688E+03     3.9885E-02     4.4250E-01     CB        358

 BOND    =       99.5315  ANGLE   =      355.2086  DIHED      =     1771.3973
 VDWAALS =    -1004.9189  EEL     =   -10148.6927  EGB        =    -3179.2497
 1-4 VDW =      487.9969  1-4 EEL =     6349.9561  RESTRAINT  =        0.0000


   NSTEP       ENERGY          RMS            GMAX         NAME    NUMBER
  11600      -5.2695E+03     3.2628E-02     4.0291E-01     CG        310

 BOND    =       99.5060  ANGLE   =      355.0824  DIHED      =     1771.0831
 VDWAALS =    -1005.1750  EEL     =   -10149.3258  EGB        =    -3178.9183
 1-4 VDW =      488.0768  1-4 EEL =     6350.2141  RESTRAINT  =        0.0000


   NSTEP       ENERGY          RMS            GMAX         NAME    NUMBER
  11700      -5.2701E+03     3.1347E-02     3.8478E-01     HE2       330

 BOND    =       99.4664  ANGLE   =      355.0635  DIHED      =     1770.8031
 VDWAALS =    -1005.4851  EEL     =   -10149.6278  EGB        =    -3178.5789
 1-4 VDW =      488.1080  1-4 EEL =     6350.1646  RESTRAINT  =        0.0000


   NSTEP       ENERGY          RMS            GMAX         NAME    NUMBER
  11800      -5.2707E+03     3.1316E-02     4.8054E-01     CE2        43

 BOND    =       99.4812  ANGLE   =      354.9951  DIHED      =     1770.5342
 VDWAALS =    -1005.7703  EEL     =   -10150.0746  EGB        =    -3178.2454
 1-4 VDW =      488.0943  1-4 EEL =     6350.2649  RESTRAINT  =        0.0000


   NSTEP       ENERGY          RMS            GMAX         NAME    NUMBER
  11900      -5.2718E+03     3.7651E-02     7.6322E-01     CE1       327

 BOND    =       99.5120  ANGLE   =      354.9875  DIHED      =     1770.1663
 VDWAALS =    -1006.2058  EEL     =   -10150.9436  EGB        =    -3177.6679
 1-4 VDW =      488.0792  1-4 EEL =     6350.2763  RESTRAINT  =        0.0000


   NSTEP       ENERGY          RMS            GMAX         NAME    NUMBER
  12000      -5.2730E+03     2.7494E-02     4.2212E-01     CD        313

 BOND    =       99.5199  ANGLE   =      354.9494  DIHED      =     1769.8798
 VDWAALS =    -1006.4021  EEL     =   -10152.4002  EGB        =    -3177.1207
 1-4 VDW =      488.0968  1-4 EEL =     6350.4937  RESTRAINT  =        0.0000


   NSTEP       ENERGY          RMS            GMAX         NAME    NUMBER
  12100      -5.2748E+03     4.2248E-02     6.9125E-01     CD       1956

 BOND    =       99.5738  ANGLE   =      354.8816  DIHED      =     1768.9728
 VDWAALS =    -1006.6940  EEL     =   -10153.2974  EGB        =    -3177.0897
 1-4 VDW =      488.1896  1-4 EEL =     6350.6610  RESTRAINT  =        0.0000


   NSTEP       ENERGY          RMS            GMAX         NAME    NUMBER
  12200      -5.2757E+03     2.5691E-02     3.5088E-01     CG        983

 BOND    =       99.6079  ANGLE   =      354.9435  DIHED      =     1768.3841
 VDWAALS =    -1006.9552  EEL     =   -10152.8598  EGB        =    -3177.4937
 1-4 VDW =      488.1763  1-4 EEL =     6350.5437  RESTRAINT  =        0.0000


   NSTEP       ENERGY          RMS            GMAX         NAME    NUMBER
  12300      -5.2763E+03     5.0989E-02     7.7729E-01     CG        983

 BOND    =       99.6455  ANGLE   =      354.9627  DIHED      =     1767.8975
 VDWAALS =    -1007.0320  EEL     =   -10152.7926  EGB        =    -3177.5719
 1-4 VDW =      488.2026  1-4 EEL =     6350.4131  RESTRAINT  =        0.0000


   NSTEP       ENERGY          RMS            GMAX         NAME    NUMBER
  12400      -5.2771E+03     4.7229E-02     9.2623E-01     CG        983

 BOND    =       99.6274  ANGLE   =      355.1423  DIHED      =     1767.1112
 VDWAALS =    -1007.1845  EEL     =   -10153.0317  EGB        =    -3177.4772
 1-4 VDW =      488.2949  1-4 EEL =     6350.4668  RESTRAINT  =        0.0000


   NSTEP       ENERGY          RMS            GMAX         NAME    NUMBER
  12500      -5.2777E+03     2.5105E-02     4.2146E-01     CG        983

 BOND    =       99.6919  ANGLE   =      355.2369  DIHED      =     1766.3405
 VDWAALS =    -1007.3469  EEL     =   -10153.2748  EGB        =    -3177.1749
 1-4 VDW =      488.3955  1-4 EEL =     6350.3966  RESTRAINT  =        0.0000


   NSTEP       ENERGY          RMS            GMAX         NAME    NUMBER
  12600      -5.2786E+03     2.1378E-02     3.1222E-01     OE2       585

 BOND    =       99.7270  ANGLE   =      355.4319  DIHED      =     1765.5583
 VDWAALS =    -1007.5600  EEL     =   -10152.8701  EGB        =    -3177.6527
 1-4 VDW =      488.4868  1-4 EEL =     6350.3011  RESTRAINT  =        0.0000


   NSTEP       ENERGY          RMS            GMAX         NAME    NUMBER
  12700      -5.2795E+03     2.4367E-02     4.3409E-01     HE22      300

 BOND    =       99.7772  ANGLE   =      355.5605  DIHED      =     1765.0209
 VDWAALS =    -1007.8159  EEL     =   -10151.2389  EGB        =    -3179.5045
 1-4 VDW =      488.5144  1-4 EEL =     6350.1909  RESTRAINT  =        0.0000


   NSTEP       ENERGY          RMS            GMAX         NAME    NUMBER
  12800      -5.2806E+03     2.3390E-02     4.3104E-01     HE22      300

 BOND    =       99.8343  ANGLE   =      355.5638  DIHED      =     1764.6922
 VDWAALS =    -1008.1077  EEL     =   -10148.6956  EGB        =    -3182.4996
 1-4 VDW =      488.4876  1-4 EEL =     6350.1017  RESTRAINT  =        0.0000


   NSTEP       ENERGY          RMS            GMAX         NAME    NUMBER
  12900      -5.2815E+03     2.4388E-02     3.9269E-01     HE21      299

 BOND    =       99.8697  ANGLE   =      355.4592  DIHED      =     1764.5637
 VDWAALS =    -1008.3152  EEL     =   -10146.7180  EGB        =    -3184.8375
 1-4 VDW =      488.4142  1-4 EEL =     6350.0795  RESTRAINT  =        0.0000


   NSTEP       ENERGY          RMS            GMAX         NAME    NUMBER
  13000      -5.2820E+03     5.0244E-02     1.3839E+00     CD       1956

 BOND    =       99.8683  ANGLE   =      355.4295  DIHED      =     1764.4003
 VDWAALS =    -1008.4272  EEL     =   -10146.2657  EGB        =    -3185.6092
 1-4 VDW =      488.3881  1-4 EEL =     6350.2273  RESTRAINT  =        0.0000


   NSTEP       ENERGY          RMS            GMAX         NAME    NUMBER
  13100      -5.2823E+03     4.3320E-02     9.7116E-01     HE22      300

 BOND    =       99.8624  ANGLE   =      355.3796  DIHED      =     1764.2451
 VDWAALS =    -1008.5015  EEL     =   -10146.3329  EGB        =    -3185.7906
 1-4 VDW =      488.3594  1-4 EEL =     6350.4315  RESTRAINT  =        0.0000


   NSTEP       ENERGY          RMS            GMAX         NAME    NUMBER
  13200      -5.2827E+03     3.7940E-02     8.7196E-01     CD        296

 BOND    =       99.8366  ANGLE   =      355.4039  DIHED      =     1764.0900
 VDWAALS =    -1008.5912  EEL     =   -10146.5701  EGB        =    -3185.7312
 1-4 VDW =      488.3515  1-4 EEL =     6350.5457  RESTRAINT  =        0.0000


   NSTEP       ENERGY          RMS            GMAX         NAME    NUMBER
  13300      -5.2830E+03     4.8858E-02     1.3258E+00     NE2       298

 BOND    =       99.8834  ANGLE   =      355.4099  DIHED      =     1763.9312
 VDWAALS =    -1008.6451  EEL     =   -10146.9358  EGB        =    -3185.5588
 1-4 VDW =      488.3372  1-4 EEL =     6350.6127  RESTRAINT  =        0.0000


   NSTEP       ENERGY          RMS            GMAX         NAME    NUMBER
  13400      -5.2833E+03     4.4936E-02     1.5230E+00     OE1       297

 BOND    =       99.8925  ANGLE   =      355.3780  DIHED      =     1763.7513
 VDWAALS =    -1008.7005  EEL     =   -10147.4205  EGB        =    -3185.2812
 1-4 VDW =      488.3275  1-4 EEL =     6350.7746  RESTRAINT  =        0.0000


   NSTEP       ENERGY          RMS            GMAX         NAME    NUMBER
  13500      -5.2836E+03     6.6761E-02     1.4337E+00     HE22      300

 BOND    =       99.8852  ANGLE   =      355.3824  DIHED      =     1763.5355
 VDWAALS =    -1008.7600  EEL     =   -10148.1577  EGB        =    -3184.8061
 1-4 VDW =      488.3068  1-4 EEL =     6351.0071  RESTRAINT  =        0.0000


   NSTEP       ENERGY          RMS            GMAX         NAME    NUMBER
  13600      -5.2840E+03     8.6410E-02     2.4676E+00     CG        983

 BOND    =       99.8635  ANGLE   =      355.4360  DIHED      =     1763.3137
 VDWAALS =    -1008.8227  EEL     =   -10149.1865  EGB        =    -3184.0272
 1-4 VDW =      488.2956  1-4 EEL =     6351.1334  RESTRAINT  =        0.0000


   NSTEP       ENERGY          RMS            GMAX         NAME    NUMBER
  13700      -5.2844E+03     2.6244E-02     4.0761E-01     OE1       297

 BOND    =       99.8870  ANGLE   =      355.6294  DIHED      =     1763.0615
 VDWAALS =    -1008.8637  EEL     =   -10150.2002  EGB        =    -3183.2762
 1-4 VDW =      488.3160  1-4 EEL =     6351.0027  RESTRAINT  =        0.0000


   NSTEP       ENERGY          RMS            GMAX         NAME    NUMBER
  13800      -5.2848E+03     3.4332E-02     6.5012E-01     CA        288

 BOND    =       99.8881  ANGLE   =      355.6760  DIHED      =     1762.8414
 VDWAALS =    -1008.9086  EEL     =   -10151.2973  EGB        =    -3182.5164
 1-4 VDW =      488.3217  1-4 EEL =     6351.1511  RESTRAINT  =        0.0000


   NSTEP       ENERGY          RMS            GMAX         NAME    NUMBER
  13900      -5.2852E+03     2.6044E-02     3.5477E-01     CE1       327

 BOND    =       99.9004  ANGLE   =      355.7159  DIHED      =     1762.6824
 VDWAALS =    -1008.9503  EEL     =   -10152.2000  EGB        =    -3181.9402
 1-4 VDW =      488.3196  1-4 EEL =     6351.2687  RESTRAINT  =        0.0000


   NSTEP       ENERGY          RMS            GMAX         NAME    NUMBER
  14000      -5.2857E+03     2.5601E-02     3.5183E-01     NE2       298

 BOND    =       99.8991  ANGLE   =      355.7848  DIHED      =     1762.5049
 VDWAALS =    -1009.0596  EEL     =   -10153.2911  EGB        =    -3181.2550
 1-4 VDW =      488.3269  1-4 EEL =     6351.4033  RESTRAINT  =        0.0000


   NSTEP       ENERGY          RMS            GMAX         NAME    NUMBER
  14100      -5.2861E+03     4.1750E-02     6.0484E-01     CD        296

 BOND    =       99.8814  ANGLE   =      355.8545  DIHED      =     1762.4034
 VDWAALS =    -1009.1751  EEL     =   -10154.1174  EGB        =    -3180.7499
 1-4 VDW =      488.3117  1-4 EEL =     6351.5078  RESTRAINT  =        0.0000


   NSTEP       ENERGY          RMS            GMAX         NAME    NUMBER
  14200      -5.2864E+03     2.8104E-02     6.2004E-01     CB        290

 BOND    =       99.9178  ANGLE   =      355.8880  DIHED      =     1762.3520
 VDWAALS =    -1009.3059  EEL     =   -10154.6592  EGB        =    -3180.4952
 1-4 VDW =      488.3336  1-4 EEL =     6351.5525  RESTRAINT  =        0.0000


   NSTEP       ENERGY          RMS            GMAX         NAME    NUMBER
  14300      -5.2868E+03     2.1410E-02     3.0266E-01     CG        293

 BOND    =       99.9157  ANGLE   =      355.9355  DIHED      =     1762.3257
 VDWAALS =    -1009.4810  EEL     =   -10155.2223  EGB        =    -3180.2240
 1-4 VDW =      488.3599  1-4 EEL =     6351.6097  RESTRAINT  =        0.0000


   NSTEP       ENERGY          RMS            GMAX         NAME    NUMBER
  14400      -5.2871E+03     6.4629E-02     1.3874E+00     CD        296

 BOND    =       99.9123  ANGLE   =      355.9753  DIHED      =     1762.3264
 VDWAALS =    -1009.6332  EEL     =   -10155.7728  EGB        =    -3179.9726
 1-4 VDW =      488.3499  1-4 EEL =     6351.6961  RESTRAINT  =        0.0000


   NSTEP       ENERGY          RMS            GMAX         NAME    NUMBER
  14500      -5.2874E+03     7.7478E-02     2.5631E+00     CD       1956

 BOND    =       99.9393  ANGLE   =      355.9955  DIHED      =     1762.3450
 VDWAALS =    -1009.7900  EEL     =   -10156.2794  EGB        =    -3179.7812
 1-4 VDW =      488.3760  1-4 EEL =     6351.8058  RESTRAINT  =        0.0000


   NSTEP       ENERGY          RMS            GMAX         NAME    NUMBER
  14600      -5.2877E+03     2.7568E-02     4.7592E-01     HB2       291

 BOND    =       99.9153  ANGLE   =      356.0446  DIHED      =     1762.3817
 VDWAALS =    -1009.8820  EEL     =   -10156.7034  EGB        =    -3179.5730
 1-4 VDW =      488.3994  1-4 EEL =     6351.7544  RESTRAINT  =        0.0000


   NSTEP       ENERGY          RMS            GMAX         NAME    NUMBER
  14700      -5.2879E+03     3.3528E-02     4.5670E-01     CD       1956

 BOND    =       99.9027  ANGLE   =      356.0547  DIHED      =     1762.4132
 VDWAALS =    -1009.9795  EEL     =   -10157.1766  EGB        =    -3179.3324
 1-4 VDW =      488.4083  1-4 EEL =     6351.8120  RESTRAINT  =        0.0000


   NSTEP       ENERGY          RMS            GMAX         NAME    NUMBER
  14800      -5.2881E+03     2.5488E-02     3.6842E-01     CD2       331

 BOND    =       99.9065  ANGLE   =      356.0907  DIHED      =     1762.4453
 VDWAALS =    -1010.0409  EEL     =   -10157.5880  EGB        =    -3179.1324
 1-4 VDW =      488.4142  1-4 EEL =     6351.8122  RESTRAINT  =        0.0000


   NSTEP       ENERGY          RMS            GMAX         NAME    NUMBER
  14900      -5.2884E+03     2.5062E-02     4.0532E-01     CG        293

 BOND    =       99.9116  ANGLE   =      356.1080  DIHED      =     1762.4791
 VDWAALS =    -1010.1358  EEL     =   -10158.2634  EGB        =    -3178.7626
 1-4 VDW =      488.4433  1-4 EEL =     6351.8370  RESTRAINT  =        0.0000


   NSTEP       ENERGY          RMS            GMAX         NAME    NUMBER
  15000      -5.2886E+03     5.6289E-02     1.2719E+00     CD       1956

 BOND    =       99.9331  ANGLE   =      356.1064  DIHED      =     1762.5122
 VDWAALS =    -1010.2082  EEL     =   -10158.7148  EGB        =    -3178.4915
 1-4 VDW =      488.4612  1-4 EEL =     6351.8508  RESTRAINT  =        0.0000


   NSTEP       ENERGY          RMS            GMAX         NAME    NUMBER
  15100      -5.2887E+03     4.1389E-02     7.1338E-01     N         286

 BOND    =       99.9144  ANGLE   =      356.1407  DIHED      =     1762.5567
 VDWAALS =    -1010.2568  EEL     =   -10159.2579  EGB        =    -3178.1752
 1-4 VDW =      488.4579  1-4 EEL =     6351.8711  RESTRAINT  =        0.0000


   NSTEP       ENERGY          RMS            GMAX         NAME    NUMBER
  15200      -5.2890E+03     3.8097E-02     1.1134E+00     CD       1956

 BOND    =       99.9249  ANGLE   =      356.1660  DIHED      =     1762.6335
 VDWAALS =    -1010.3464  EEL     =   -10159.8269  EGB        =    -3177.7887
 1-4 VDW =      488.4543  1-4 EEL =     6351.8301  RESTRAINT  =        0.0000


   NSTEP       ENERGY          RMS            GMAX         NAME    NUMBER
  15300      -5.2891E+03     4.1339E-02     8.6786E-01     OE1       297

 BOND    =       99.9382  ANGLE   =      356.1631  DIHED      =     1762.7839
 VDWAALS =    -1010.4268  EEL     =   -10160.5415  EGB        =    -3177.3222
 1-4 VDW =      488.4712  1-4 EEL =     6351.7885  RESTRAINT  =        0.0000


   NSTEP       ENERGY          RMS            GMAX         NAME    NUMBER
  15400      -5.2895E+03     1.4384E-01     2.0843E+00     NE2       329

 BOND    =       99.9922  ANGLE   =      356.2162  DIHED      =     1762.9797
 VDWAALS =    -1010.4891  EEL     =   -10161.6002  EGB        =    -3176.5253
 1-4 VDW =      488.4699  1-4 EEL =     6351.4670  RESTRAINT  =        0.0000


   NSTEP       ENERGY          RMS            GMAX         NAME    NUMBER
  15500      -5.2903E+03     3.5221E-02     4.8537E-01     HG        770

 BOND    =       99.9546  ANGLE   =      356.1875  DIHED      =     1762.3443
 VDWAALS =    -1010.5187  EEL     =   -10162.2921  EGB        =    -3176.1044
 1-4 VDW =      488.4505  1-4 EEL =     6351.6388  RESTRAINT  =        0.0000


   NSTEP       ENERGY          RMS            GMAX         NAME    NUMBER
  15600      -5.2906E+03     2.2876E-02     3.5898E-01     CD       1956

 BOND    =       99.9459  ANGLE   =      356.1668  DIHED      =     1762.1570
 VDWAALS =    -1010.5546  EEL     =   -10162.7088  EGB        =    -3176.0336
 1-4 VDW =      488.4414  1-4 EEL =     6351.9959  RESTRAINT  =        0.0000


   NSTEP       ENERGY          RMS            GMAX         NAME    NUMBER
  15700      -5.2908E+03     3.7507E-02     5.7403E-01     CB        290

 BOND    =       99.9344  ANGLE   =      356.1982  DIHED      =     1762.0317
 VDWAALS =    -1010.6426  EEL     =   -10162.9870  EGB        =    -3175.8088
 1-4 VDW =      488.4295  1-4 EEL =     6352.0660  RESTRAINT  =        0.0000


   NSTEP       ENERGY          RMS            GMAX         NAME    NUMBER
  15800      -5.2909E+03     1.5496E-02     2.3456E-01     OE1       297

 BOND    =       99.9374  ANGLE   =      356.1921  DIHED      =     1761.9343
 VDWAALS =    -1010.7260  EEL     =   -10163.2413  EGB        =    -3175.5723
 1-4 VDW =      488.4324  1-4 EEL =     6352.0958  RESTRAINT  =        0.0000


   NSTEP       ENERGY          RMS            GMAX         NAME    NUMBER
  15900      -5.2911E+03     5.5480E-02     1.0053E+00     CB        290

 BOND    =      100.0073  ANGLE   =      356.2264  DIHED      =     1761.8269
 VDWAALS =    -1010.8284  EEL     =   -10163.5052  EGB        =    -3175.3487
 1-4 VDW =      488.4270  1-4 EEL =     6352.0784  RESTRAINT  =        0.0000


   NSTEP       ENERGY          RMS            GMAX         NAME    NUMBER
  16000      -5.2913E+03     4.9640E-02     9.4741E-01     CD       1956

 BOND    =       99.9817  ANGLE   =      356.1808  DIHED      =     1761.7229
 VDWAALS =    -1010.9427  EEL     =   -10163.8998  EGB        =    -3174.9077
 1-4 VDW =      488.4228  1-4 EEL =     6352.1369  RESTRAINT  =        0.0000


   NSTEP       ENERGY          RMS            GMAX         NAME    NUMBER
  16100      -5.2915E+03     4.4765E-02     8.2980E-01     CD       1956

 BOND    =       99.9469  ANGLE   =      356.2163  DIHED      =     1761.6461
 VDWAALS =    -1011.0351  EEL     =   -10164.2045  EGB        =    -3174.5826
 1-4 VDW =      488.4154  1-4 EEL =     6352.1454  RESTRAINT  =        0.0000


   NSTEP       ENERGY          RMS            GMAX         NAME    NUMBER
  16200      -5.2916E+03     2.4815E-02     4.8889E-01     CD       1956

 BOND    =       99.9548  ANGLE   =      356.2411  DIHED      =     1761.5801
 VDWAALS =    -1011.1270  EEL     =   -10164.5477  EGB        =    -3174.2588
 1-4 VDW =      488.4104  1-4 EEL =     6352.1588  RESTRAINT  =        0.0000


   NSTEP       ENERGY          RMS            GMAX         NAME    NUMBER
  16300      -5.2917E+03     2.3639E-02     5.7869E-01     OE1       297

 BOND    =       99.9629  ANGLE   =      356.2501  DIHED      =     1761.5236
 VDWAALS =    -1011.2118  EEL     =   -10164.8794  EGB        =    -3173.9376
 1-4 VDW =      488.4024  1-4 EEL =     6352.1760  RESTRAINT  =        0.0000


   NSTEP       ENERGY          RMS            GMAX         NAME    NUMBER
  16400      -5.2919E+03     1.8956E-02     3.8818E-01     CB        290

 BOND    =       99.9704  ANGLE   =      356.2660  DIHED      =     1761.4414
 VDWAALS =    -1011.3340  EEL     =   -10165.4312  EGB        =    -3173.4087
 1-4 VDW =      488.4153  1-4 EEL =     6352.1880  RESTRAINT  =        0.0000


   NSTEP       ENERGY          RMS            GMAX         NAME    NUMBER
  16500      -5.2921E+03     1.8574E-02     5.6587E-01     CD       1956

 BOND    =       99.9763  ANGLE   =      356.2829  DIHED      =     1761.3553
 VDWAALS =    -1011.4766  EEL     =   -10166.0545  EGB        =    -3172.7831
 1-4 VDW =      488.4134  1-4 EEL =     6352.2015  RESTRAINT  =        0.0000


   NSTEP       ENERGY          RMS            GMAX         NAME    NUMBER
  16600      -5.2923E+03     4.7428E-02     7.9455E-01     NH2       388

 BOND    =       99.9806  ANGLE   =      356.3306  DIHED      =     1761.2870
 VDWAALS =    -1011.6428  EEL     =   -10166.6951  EGB        =    -3172.1154
 1-4 VDW =      488.3923  1-4 EEL =     6352.2042  RESTRAINT  =        0.0000


   NSTEP       ENERGY          RMS            GMAX         NAME    NUMBER
  16700      -5.2924E+03     2.8500E-02     4.9166E-01     CG        983

 BOND    =       99.9834  ANGLE   =      356.3429  DIHED      =     1761.2252
 VDWAALS =    -1011.7528  EEL     =   -10167.5060  EGB        =    -3171.3503
 1-4 VDW =      488.3762  1-4 EEL =     6352.2440  RESTRAINT  =        0.0000


   NSTEP       ENERGY          RMS            GMAX         NAME    NUMBER
  16800      -5.2926E+03     2.2163E-02     3.7729E-01     N         762

 BOND    =       99.9834  ANGLE   =      356.3434  DIHED      =     1761.1603
 VDWAALS =    -1011.8860  EEL     =   -10168.3558  EGB        =    -3170.5071
 1-4 VDW =      488.3806  1-4 EEL =     6352.2631  RESTRAINT  =        0.0000


   NSTEP       ENERGY          RMS            GMAX         NAME    NUMBER
  16900      -5.2929E+03     2.2655E-02     5.0393E-01     CD       1956

 BOND    =      100.0011  ANGLE   =      356.3882  DIHED      =     1761.0790
 VDWAALS =    -1012.0893  EEL     =   -10169.6080  EGB        =    -3169.1783
 1-4 VDW =      488.3829  1-4 EEL =     6352.1577  RESTRAINT  =        0.0000


   NSTEP       ENERGY          RMS            GMAX         NAME    NUMBER
  17000      -5.2930E+03     2.7895E-02     4.3840E-01     CG        983

 BOND    =      100.0176  ANGLE   =      356.4103  DIHED      =     1761.0359
 VDWAALS =    -1012.2292  EEL     =   -10170.6548  EGB        =    -3168.1158
 1-4 VDW =      488.3646  1-4 EEL =     6352.1273  RESTRAINT  =        0.0000


   NSTEP       ENERGY          RMS            GMAX         NAME    NUMBER
  17100      -5.2932E+03     2.2905E-02     3.0643E-01     CD2        52

 BOND    =      100.0411  ANGLE   =      356.4405  DIHED      =     1760.9953
 VDWAALS =    -1012.3774  EEL     =   -10171.9042  EGB        =    -3166.8850
 1-4 VDW =      488.3410  1-4 EEL =     6352.1160  RESTRAINT  =        0.0000


   NSTEP       ENERGY          RMS            GMAX         NAME    NUMBER
  17200      -5.2935E+03     2.4772E-02     4.7744E-01     CB        290

 BOND    =      100.0674  ANGLE   =      356.5098  DIHED      =     1760.9789
 VDWAALS =    -1012.5338  EEL     =   -10173.5412  EGB        =    -3165.3091
 1-4 VDW =      488.3064  1-4 EEL =     6352.0681  RESTRAINT  =        0.0000


   NSTEP       ENERGY          RMS            GMAX         NAME    NUMBER
  17300      -5.2938E+03     1.1403E-01     1.4587E+00     CE2      1575

 BOND    =      100.0975  ANGLE   =      356.7766  DIHED      =     1760.9714
 VDWAALS =    -1012.7604  EEL     =   -10176.5906  EGB        =    -3162.2944
 1-4 VDW =      488.2457  1-4 EEL =     6351.7345  RESTRAINT  =        0.0000


   NSTEP       ENERGY          RMS            GMAX         NAME    NUMBER
  17400      -5.2946E+03     2.6655E-01     4.0304E+00     HZ3      1823

 BOND    =      100.6428  ANGLE   =      358.0454  DIHED      =     1761.1926
 VDWAALS =    -1012.0750  EEL     =   -10188.6791  EGB        =    -3152.5040
 1-4 VDW =      487.9595  1-4 EEL =     6350.7939  RESTRAINT  =        0.0000


   NSTEP       ENERGY          RMS            GMAX         NAME    NUMBER
  17500      -5.2957E+03     3.5283E-02     3.6531E-01     OE1      2127

 BOND    =      100.1590  ANGLE   =      356.9210  DIHED      =     1761.1735
 VDWAALS =    -1012.5808  EEL     =   -10189.7565  EGB        =    -3151.8267
 1-4 VDW =      488.1579  1-4 EEL =     6352.0579  RESTRAINT  =        0.0000


   NSTEP       ENERGY          RMS            GMAX         NAME    NUMBER
  17600      -5.2959E+03     2.2753E-02     4.5473E-01     OE1      2127

 BOND    =      100.1444  ANGLE   =      356.9504  DIHED      =     1761.0945
 VDWAALS =    -1012.6403  EEL     =   -10190.6841  EGB        =    -3150.8983
 1-4 VDW =      488.1683  1-4 EEL =     6351.9472  RESTRAINT  =        0.0000


   NSTEP       ENERGY          RMS            GMAX         NAME    NUMBER
  17700      -5.2961E+03     2.9880E-02     5.4103E-01     CD2       331

 BOND    =      100.1547  ANGLE   =      356.9697  DIHED      =     1761.0220
 VDWAALS =    -1012.7317  EEL     =   -10191.3372  EGB        =    -3150.2313
 1-4 VDW =      488.1669  1-4 EEL =     6351.8934  RESTRAINT  =        0.0000


   NSTEP       ENERGY          RMS            GMAX         NAME    NUMBER
  17800      -5.2963E+03     2.6323E-02     3.6489E-01     CB       2120

 BOND    =      100.1332  ANGLE   =      357.0154  DIHED      =     1760.9400
 VDWAALS =    -1012.8458  EEL     =   -10191.8781  EGB        =    -3149.6525
 1-4 VDW =      488.1706  1-4 EEL =     6351.8541  RESTRAINT  =        0.0000


   NSTEP       ENERGY          RMS            GMAX         NAME    NUMBER
  17900      -5.2965E+03     2.2104E-02     4.1942E-01     CD       2126

 BOND    =      100.1239  ANGLE   =      356.9753  DIHED      =     1760.8364
 VDWAALS =    -1013.0049  EEL     =   -10192.2060  EGB        =    -3149.1581
 1-4 VDW =      488.2365  1-4 EEL =     6351.7456  RESTRAINT  =        0.0000


   NSTEP       ENERGY          RMS            GMAX         NAME    NUMBER
  18000      -5.2966E+03     4.8692E-02     1.0711E+00     NZ       1820

 BOND    =      100.0940  ANGLE   =      357.0909  DIHED      =     1760.7475
 VDWAALS =    -1013.1339  EEL     =   -10192.7793  EGB        =    -3148.5754
 1-4 VDW =      488.2307  1-4 EEL =     6351.7105  RESTRAINT  =        0.0000


   NSTEP       ENERGY          RMS            GMAX         NAME    NUMBER
  18100      -5.2968E+03     2.1993E-02     2.9051E-01     CG        983

 BOND    =      100.1282  ANGLE   =      357.0711  DIHED      =     1760.6446
 VDWAALS =    -1013.2288  EEL     =   -10193.1576  EGB        =    -3148.1407
 1-4 VDW =      488.2268  1-4 EEL =     6351.6887  RESTRAINT  =        0.0000


   NSTEP       ENERGY          RMS            GMAX         NAME    NUMBER
  18200      -5.2969E+03     2.2242E-02     4.3190E-01     CD       1814

 BOND    =      100.1212  ANGLE   =      357.1066  DIHED      =     1760.5673
 VDWAALS =    -1013.3412  EEL     =   -10193.5588  EGB        =    -3147.6913
 1-4 VDW =      488.2343  1-4 EEL =     6351.6524  RESTRAINT  =        0.0000


   NSTEP       ENERGY          RMS            GMAX         NAME    NUMBER
  18300      -5.2971E+03     2.8210E-02     4.4082E-01     CD2        52

 BOND    =      100.1304  ANGLE   =      357.1105  DIHED      =     1760.4781
 VDWAALS =    -1013.4594  EEL     =   -10193.9667  EGB        =    -3147.2196
 1-4 VDW =      488.2509  1-4 EEL =     6351.6109  RESTRAINT  =        0.0000


   NSTEP       ENERGY          RMS            GMAX         NAME    NUMBER
  18400      -5.2972E+03     3.3759E-02     4.3539E-01     CG        242

 BOND    =      100.1417  ANGLE   =      357.1338  DIHED      =     1760.3825
 VDWAALS =    -1013.5837  EEL     =   -10194.4313  EGB        =    -3146.7345
 1-4 VDW =      488.2483  1-4 EEL =     6351.6191  RESTRAINT  =        0.0000


   NSTEP       ENERGY          RMS            GMAX         NAME    NUMBER
  18500      -5.2974E+03     2.4919E-02     5.1446E-01     HZ1      1821

 BOND    =      100.1285  ANGLE   =      357.2220  DIHED      =     1760.2754
 VDWAALS =    -1013.7407  EEL     =   -10194.8545  EGB        =    -3146.2145
 1-4 VDW =      488.2700  1-4 EEL =     6351.5165  RESTRAINT  =        0.0000


   NSTEP       ENERGY          RMS            GMAX         NAME    NUMBER
  18600      -5.2975E+03     2.3164E-02     3.4815E-01     CD       1814

 BOND    =      100.1257  ANGLE   =      357.2217  DIHED      =     1760.1947
 VDWAALS =    -1013.8413  EEL     =   -10195.3192  EGB        =    -3145.7726
 1-4 VDW =      488.2798  1-4 EEL =     6351.5749  RESTRAINT  =        0.0000


   NSTEP       ENERGY          RMS            GMAX         NAME    NUMBER
  18700      -5.2977E+03     2.2938E-02     2.6661E-01     HE3      1819

 BOND    =      100.1326  ANGLE   =      357.2452  DIHED      =     1760.1104
 VDWAALS =    -1013.9437  EEL     =   -10195.7114  EGB        =    -3145.3450
 1-4 VDW =      488.2847  1-4 EEL =     6351.5581  RESTRAINT  =        0.0000


   NSTEP       ENERGY          RMS            GMAX         NAME    NUMBER
  18800      -5.2978E+03     2.5161E-02     5.4155E-01     CD       1814

 BOND    =      100.1340  ANGLE   =      357.2839  DIHED      =     1760.0175
 VDWAALS =    -1014.0561  EEL     =   -10196.1735  EGB        =    -3144.8628
 1-4 VDW =      488.2883  1-4 EEL =     6351.5523  RESTRAINT  =        0.0000


   NSTEP       ENERGY          RMS            GMAX         NAME    NUMBER
  18900      -5.2980E+03     2.1922E-02     4.0270E-01     HZ3      1823

 BOND    =      100.1298  ANGLE   =      357.3677  DIHED      =     1759.9249
 VDWAALS =    -1014.1646  EEL     =   -10196.6532  EGB        =    -3144.3758
 1-4 VDW =      488.2981  1-4 EEL =     6351.4988  RESTRAINT  =        0.0000


   NSTEP       ENERGY          RMS            GMAX         NAME    NUMBER
  19000      -5.2981E+03     2.9611E-02     5.7205E-01     HE2      1818

 BOND    =      100.1451  ANGLE   =      357.4018  DIHED      =     1759.8348
 VDWAALS =    -1014.2579  EEL     =   -10197.1428  EGB        =    -3143.8924
 1-4 VDW =      488.2987  1-4 EEL =     6351.4919  RESTRAINT  =        0.0000


   NSTEP       ENERGY          RMS            GMAX         NAME    NUMBER
  19100      -5.2983E+03     1.6393E-02     2.2460E-01     CG        983

 BOND    =      100.1642  ANGLE   =      357.4436  DIHED      =     1759.7591
 VDWAALS =    -1014.3440  EEL     =   -10197.5917  EGB        =    -3143.4484
 1-4 VDW =      488.2990  1-4 EEL =     6351.4533  RESTRAINT  =        0.0000


   NSTEP       ENERGY          RMS            GMAX         NAME    NUMBER
  19200      -5.2984E+03     1.6539E-02     2.6987E-01     OE1      2127

 BOND    =      100.1525  ANGLE   =      357.5001  DIHED      =     1759.6882
 VDWAALS =    -1014.4287  EEL     =   -10197.9354  EGB        =    -3143.0719
 1-4 VDW =      488.3054  1-4 EEL =     6351.3911  RESTRAINT  =        0.0000


   NSTEP       ENERGY          RMS            GMAX         NAME    NUMBER
  19300      -5.2985E+03     3.1150E-02     6.1311E-01     NE2      1237

 BOND    =      100.1568  ANGLE   =      357.5415  DIHED      =     1759.6261
 VDWAALS =    -1014.5014  EEL     =   -10198.2853  EGB        =    -3142.7279
 1-4 VDW =      488.3079  1-4 EEL =     6351.3497  RESTRAINT  =        0.0000


   NSTEP       ENERGY          RMS            GMAX         NAME    NUMBER
  19400      -5.2987E+03     3.2176E-02     8.0839E-01     CG        983

 BOND    =      100.1744  ANGLE   =      357.6144  DIHED      =     1759.5452
 VDWAALS =    -1014.5587  EEL     =   -10198.8007  EGB        =    -3142.2865
 1-4 VDW =      488.3107  1-4 EEL =     6351.3119  RESTRAINT  =        0.0000


   NSTEP       ENERGY          RMS            GMAX         NAME    NUMBER
  19500      -5.2989E+03     2.2447E-02     5.1044E-01     OE1      2127

 BOND    =      100.1691  ANGLE   =      357.7113  DIHED      =     1759.4676
 VDWAALS =    -1014.5794  EEL     =   -10199.3966  EGB        =    -3141.8301
 1-4 VDW =      488.2975  1-4 EEL =     6351.3100  RESTRAINT  =        0.0000


   NSTEP       ENERGY          RMS            GMAX         NAME    NUMBER
  19600      -5.2990E+03     2.2353E-02     4.4578E-01     CD       2126

 BOND    =      100.1806  ANGLE   =      357.7684  DIHED      =     1759.3847
 VDWAALS =    -1014.5976  EEL     =   -10199.8979  EGB        =    -3141.4090
 1-4 VDW =      488.2870  1-4 EEL =     6351.2513  RESTRAINT  =        0.0000


   NSTEP       ENERGY          RMS            GMAX         NAME    NUMBER
  19700      -5.2992E+03     2.9066E-02     3.3973E-01     CD       2126

 BOND    =      100.1912  ANGLE   =      357.8092  DIHED      =     1759.3236
 VDWAALS =    -1014.6082  EEL     =   -10200.3489  EGB        =    -3141.0426
 1-4 VDW =      488.2679  1-4 EEL =     6351.2103  RESTRAINT  =        0.0000


   NSTEP       ENERGY          RMS            GMAX         NAME    NUMBER
  19800      -5.2994E+03     3.2202E-02     7.0646E-01     CB       2120

 BOND    =      100.1894  ANGLE   =      357.8382  DIHED      =     1759.2708
 VDWAALS =    -1014.6222  EEL     =   -10200.7945  EGB        =    -3140.6560
 1-4 VDW =      488.2439  1-4 EEL =     6351.1576  RESTRAINT  =        0.0000


   NSTEP       ENERGY          RMS            GMAX         NAME    NUMBER
  19900      -5.2995E+03     3.2289E-02     6.7664E-01     CG       2123

 BOND    =      100.1867  ANGLE   =      357.8309  DIHED      =     1759.2472
 VDWAALS =    -1014.6539  EEL     =   -10201.1393  EGB        =    -3140.2945
 1-4 VDW =      488.2169  1-4 EEL =     6351.0759  RESTRAINT  =        0.0000


   NSTEP       ENERGY          RMS            GMAX         NAME    NUMBER
  20000      -5.2997E+03     2.0840E-02     3.8580E-01     CD2        52

 BOND    =      100.1833  ANGLE   =      357.8192  DIHED      =     1759.2255
 VDWAALS =    -1014.7043  EEL     =   -10201.4479  EGB        =    -3139.9672
 1-4 VDW =      488.1966  1-4 EEL =     6351.0106  RESTRAINT  =        0.0000


  Maximum number of minimization cycles reached.


                    FINAL RESULTS



   NSTEP       ENERGY          RMS            GMAX         NAME    NUMBER
  20000      -5.2997E+03     2.0840E-02     3.8580E-01     CD2        52

 BOND    =      100.1833  ANGLE   =      357.8192  DIHED      =     1759.2255
 VDWAALS =    -1014.7043  EEL     =   -10201.4479  EGB        =    -3139.9672
 1-4 VDW =      488.1966  1-4 EEL =     6351.0106  RESTRAINT  =        0.0000
--------------------------------------------------------------------------------
   5.  TIMINGS
--------------------------------------------------------------------------------

|  NonSetup CPU Time in Major Routines, Average for All Tasks:
|
|     Routine           Sec        %
|     ------------------------------
|     DataDistrib      14.27    1.79
|     Nonbond         776.25   97.26
|     Bond              0.13    0.02
|     Angle             0.95    0.12
|     Dihedral          6.45    0.81
|     Shake             0.00    0.00
|     Other             0.10    0.01
|     ------------------------------
|     Total           798.15

|  Generalized Born CPU Time, Average for All Tasks:
|
|     Routine                 Sec        %
|     ------------------------------------
|     Radii Calc            120.77   15.13
|     Diagonal Calc         202.35   25.35
|     Off Diagonal Calc     427.80   53.60
|     GBSA LCPO Calc          0.02    0.00
|     Radii Distrib          24.82    3.11
|     ---------------------------------
|     Total                 775.74   97.19

|  Master Setup CPU time:            0.09 seconds
|  Master NonSetup CPU time:       797.84 seconds
|  Master Total CPU time:          797.93 seconds     0.22 hours

|  Master Setup wall time:           0    seconds
|  Master NonSetup wall time:      802    seconds
|  Master Total wall time:         802    seconds     0.22 hours
